{"/Users/brandonnewton/Desktop/Coding_Projects/React_Projects/to_do_list/src/App.tsx": {"path":"/Users/brandonnewton/Desktop/Coding_Projects/React_Projects/to_do_list/src/App.tsx","statementMap":{"0":{"start":{"line":1,"column":0},"end":{"line":1,"column":44}},"1":{"start":{"line":2,"column":0},"end":{"line":2,"column":45}},"2":{"start":{"line":3,"column":0},"end":{"line":3,"column":43}},"3":{"start":{"line":11,"column":26},"end":{"line":11,"column":43}},"4":{"start":{"line":14,"column":28},"end":{"line":14,"column":48}},"5":{"start":{"line":17,"column":18},"end":{"line":17,"column":57}},"6":{"start":{"line":18,"column":4},"end":{"line":20,"column":5}},"7":{"start":{"line":19,"column":6},"end":{"line":19,"column":null}},"8":{"start":{"line":23,"column":2},"end":{"line":25,"column":null}},"9":{"start":{"line":24,"column":4},"end":{"line":24,"column":21}},"10":{"start":{"line":28,"column":4},"end":{"line":28,"column":23}},"11":{"start":{"line":29,"column":4},"end":{"line":29,"column":70}},"12":{"start":{"line":33,"column":4},"end":{"line":40,"column":7}},"13":{"start":{"line":44,"column":21},"end":{"line":44,"column":62}},"14":{"start":{"line":44,"column":43},"end":{"line":44,"column":61}},"15":{"start":{"line":45,"column":4},"end":{"line":45,"column":30}},"16":{"start":{"line":49,"column":21},"end":{"line":57,"column":6}},"17":{"start":{"line":50,"column":6},"end":{"line":55,"column":7}},"18":{"start":{"line":51,"column":8},"end":{"line":54,"column":null}},"19":{"start":{"line":56,"column":6},"end":{"line":56,"column":18}},"20":{"start":{"line":58,"column":4},"end":{"line":58,"column":30}},"21":{"start":{"line":61,"column":2},"end":{"line":70,"column":4}},"22":{"start":{"line":73,"column":0},"end":{"line":73,"column":19}}},"fnMap":{"0":{"name":"App","decl":{"start":{"line":13,"column":9},"end":{"line":13,"column":12}},"loc":{"start":{"line":13,"column":12},"end":{"line":71,"column":1}}},"1":{"name":"loadSavedTasks","decl":{"start":{"line":16,"column":11},"end":{"line":16,"column":25}},"loc":{"start":{"line":16,"column":25},"end":{"line":21,"column":3}}},"2":{"name":"(anonymous_2)","decl":{"start":{"line":23,"column":12},"end":{"line":23,"column":15}},"loc":{"start":{"line":23,"column":17},"end":{"line":25,"column":3}}},"3":{"name":"setTasksAndSave","decl":{"start":{"line":27,"column":11},"end":{"line":27,"column":26}},"loc":{"start":{"line":27,"column":43},"end":{"line":30,"column":3}}},"4":{"name":"addTask","decl":{"start":{"line":32,"column":11},"end":{"line":32,"column":18}},"loc":{"start":{"line":32,"column":36},"end":{"line":41,"column":3}}},"5":{"name":"deleteTaskById","decl":{"start":{"line":43,"column":11},"end":{"line":43,"column":25}},"loc":{"start":{"line":43,"column":40},"end":{"line":46,"column":3}}},"6":{"name":"(anonymous_6)","decl":{"start":{"line":44,"column":35},"end":{"line":44,"column":39}},"loc":{"start":{"line":44,"column":43},"end":{"line":44,"column":61}}},"7":{"name":"toggleTaskCompletedById","decl":{"start":{"line":48,"column":11},"end":{"line":48,"column":34}},"loc":{"start":{"line":48,"column":49},"end":{"line":59,"column":3}}},"8":{"name":"(anonymous_8)","decl":{"start":{"line":49,"column":32},"end":{"line":49,"column":36}},"loc":{"start":{"line":49,"column":39},"end":{"line":57,"column":5}}}},"branchMap":{"0":{"loc":{"start":{"line":18,"column":4},"end":{"line":20,"column":5}},"type":"if","locations":[{"start":{"line":18,"column":4},"end":{"line":20,"column":5}}]},"1":{"loc":{"start":{"line":50,"column":6},"end":{"line":55,"column":7}},"type":"if","locations":[{"start":{"line":50,"column":6},"end":{"line":55,"column":7}}]}},"s":{"0":0,"1":0,"2":0,"3":0,"4":0,"5":0,"6":0,"7":0,"8":0,"9":0,"10":0,"11":0,"12":0,"13":0,"14":0,"15":0,"16":0,"17":0,"18":0,"19":0,"20":0,"21":0,"22":0},"f":{"0":0,"1":0,"2":0,"3":0,"4":0,"5":0,"6":0,"7":0,"8":0},"b":{"0":[0],"1":[0]}}
,"/Users/brandonnewton/Desktop/Coding_Projects/React_Projects/to_do_list/src/main.tsx": {"path":"/Users/brandonnewton/Desktop/Coding_Projects/React_Projects/to_do_list/src/main.tsx","statementMap":{"0":{"start":{"line":1,"column":0},"end":{"line":1,"column":25}},"1":{"start":{"line":2,"column":0},"end":{"line":2,"column":39}},"2":{"start":{"line":3,"column":0},"end":{"line":3,"column":27}},"3":{"start":{"line":4,"column":0},"end":{"line":4,"column":28}},"4":{"start":{"line":6,"column":0},"end":{"line":10,"column":null}}},"fnMap":{},"branchMap":{},"s":{"0":0,"1":0,"2":0,"3":0,"4":0},"f":{},"b":{}}
,"/Users/brandonnewton/Desktop/Coding_Projects/React_Projects/to_do_list/src/components/Header/index.tsx": {"path":"/Users/brandonnewton/Desktop/Coding_Projects/React_Projects/to_do_list/src/components/Header/index.tsx","statementMap":{"0":{"start":{"line":10,"column":0},"end":{"line":10,"column":16}},"1":{"start":{"line":1,"column":0},"end":{"line":1,"column":49}},"2":{"start":{"line":2,"column":0},"end":{"line":2,"column":53}},"3":{"start":{"line":3,"column":0},"end":{"line":3,"column":41}},"4":{"start":{"line":4,"column":0},"end":{"line":4,"column":57}},"5":{"start":{"line":11,"column":30},"end":{"line":11,"column":50}},"6":{"start":{"line":14,"column":8},"end":{"line":14,"column":31}},"7":{"start":{"line":15,"column":8},"end":{"line":15,"column":25}},"8":{"start":{"line":16,"column":8},"end":{"line":16,"column":21}},"9":{"start":{"line":20,"column":8},"end":{"line":20,"column":37}},"10":{"start":{"line":23,"column":4},"end":{"line":40,"column":6}}},"fnMap":{"0":{"name":"Header","decl":{"start":{"line":10,"column":16},"end":{"line":10,"column":22}},"loc":{"start":{"line":10,"column":49},"end":{"line":41,"column":1}}},"1":{"name":"handleSubmit","decl":{"start":{"line":13,"column":13},"end":{"line":13,"column":25}},"loc":{"start":{"line":13,"column":42},"end":{"line":17,"column":5}}},"2":{"name":"onChangeTitle","decl":{"start":{"line":19,"column":13},"end":{"line":19,"column":26}},"loc":{"start":{"line":19,"column":63},"end":{"line":21,"column":5}}}},"branchMap":{},"s":{"0":0,"1":0,"2":0,"3":0,"4":0,"5":0,"6":0,"7":0,"8":0,"9":0,"10":0},"f":{"0":0,"1":0,"2":0},"b":{}}
,"/Users/brandonnewton/Desktop/Coding_Projects/React_Projects/to_do_list/src/components/Task/index.tsx": {"path":"/Users/brandonnewton/Desktop/Coding_Projects/React_Projects/to_do_list/src/components/Task/index.tsx","statementMap":{"0":{"start":{"line":12,"column":0},"end":{"line":12,"column":16}},"1":{"start":{"line":1,"column":0},"end":{"line":1,"column":39}},"2":{"start":{"line":2,"column":0},"end":{"line":2,"column":41}},"3":{"start":{"line":4,"column":0},"end":{"line":4,"column":55}},"4":{"start":{"line":13,"column":2},"end":{"line":24,"column":4}},"5":{"start":{"line":15,"column":63},"end":{"line":15,"column":82}},"6":{"start":{"line":20,"column":61},"end":{"line":20,"column":78}}},"fnMap":{"0":{"name":"Task","decl":{"start":{"line":12,"column":16},"end":{"line":12,"column":20}},"loc":{"start":{"line":12,"column":62},"end":{"line":25,"column":1}}},"1":{"name":"(anonymous_2)","decl":{"start":{"line":15,"column":57},"end":{"line":15,"column":60}},"loc":{"start":{"line":15,"column":63},"end":{"line":15,"column":82}}},"2":{"name":"(anonymous_3)","decl":{"start":{"line":20,"column":55},"end":{"line":20,"column":58}},"loc":{"start":{"line":20,"column":61},"end":{"line":20,"column":78}}}},"branchMap":{"0":{"loc":{"start":{"line":16,"column":9},"end":{"line":16,"column":63}},"type":"cond-expr","locations":[{"start":{"line":16,"column":28},"end":{"line":16,"column":53}},{"start":{"line":16,"column":56},"end":{"line":16,"column":63}}]},"1":{"loc":{"start":{"line":19,"column":20},"end":{"line":19,"column":64}},"type":"cond-expr","locations":[{"start":{"line":19,"column":39},"end":{"line":19,"column":59}},{"start":{"line":19,"column":62},"end":{"line":19,"column":64}}]}},"s":{"0":2,"1":2,"2":2,"3":2,"4":9,"5":0,"6":0},"f":{"0":9,"1":0,"2":0},"b":{"0":[3,6],"1":[3,6]}}
,"/Users/brandonnewton/Desktop/Coding_Projects/React_Projects/to_do_list/src/components/Tasks/index.tsx": {"path":"/Users/brandonnewton/Desktop/Coding_Projects/React_Projects/to_do_list/src/components/Tasks/index.tsx","statementMap":{"0":{"start":{"line":11,"column":0},"end":{"line":11,"column":16}},"1":{"start":{"line":2,"column":0},"end":{"line":2,"column":40}},"2":{"start":{"line":3,"column":0},"end":{"line":3,"column":31}},"3":{"start":{"line":12,"column":24},"end":{"line":12,"column":36}},"4":{"start":{"line":13,"column":25},"end":{"line":13,"column":70}},"5":{"start":{"line":13,"column":46},"end":{"line":13,"column":62}},"6":{"start":{"line":15,"column":2},"end":{"line":34,"column":4}},"7":{"start":{"line":30,"column":10},"end":{"line":30,"column":30}}},"fnMap":{"0":{"name":"Tasks","decl":{"start":{"line":11,"column":16},"end":{"line":11,"column":21}},"loc":{"start":{"line":11,"column":65},"end":{"line":35,"column":1}}},"1":{"name":"(anonymous_2)","decl":{"start":{"line":13,"column":38},"end":{"line":13,"column":42}},"loc":{"start":{"line":13,"column":46},"end":{"line":13,"column":62}}},"2":{"name":"(anonymous_3)","decl":{"start":{"line":29,"column":19},"end":{"line":29,"column":23}},"loc":{"start":{"line":30,"column":10},"end":{"line":30,"column":30}}}},"branchMap":{},"s":{"0":1,"1":1,"2":1,"3":3,"4":3,"5":6,"6":3,"7":6},"f":{"0":3,"1":6,"2":6},"b":{}}
}
