{"/Users/brandonnewton/Desktop/Coding_Projects/React_Projects/to_do_list/src/App.tsx": {"path":"/Users/brandonnewton/Desktop/Coding_Projects/React_Projects/to_do_list/src/App.tsx","statementMap":{"0":{"start":{"line":1,"column":0},"end":{"line":1,"column":44}},"1":{"start":{"line":2,"column":0},"end":{"line":2,"column":45}},"2":{"start":{"line":3,"column":0},"end":{"line":3,"column":43}},"3":{"start":{"line":4,"column":0},"end":{"line":4,"column":45}},"4":{"start":{"line":12,"column":26},"end":{"line":12,"column":43}},"5":{"start":{"line":15,"column":28},"end":{"line":15,"column":48}},"6":{"start":{"line":18,"column":18},"end":{"line":18,"column":57}},"7":{"start":{"line":19,"column":4},"end":{"line":21,"column":5}},"8":{"start":{"line":20,"column":6},"end":{"line":20,"column":34}},"9":{"start":{"line":24,"column":2},"end":{"line":26,"column":9}},"10":{"start":{"line":25,"column":4},"end":{"line":25,"column":21}},"11":{"start":{"line":28,"column":2},"end":{"line":47,"column":9}},"12":{"start":{"line":30,"column":6},"end":{"line":43,"column":7}},"13":{"start":{"line":31,"column":25},"end":{"line":31,"column":67}},"14":{"start":{"line":32,"column":8},"end":{"line":35,"column":9}},"15":{"start":{"line":33,"column":10},"end":{"line":33,"column":70}},"16":{"start":{"line":34,"column":10},"end":{"line":34,"column":17}},"17":{"start":{"line":36,"column":37},"end":{"line":36,"column":58}},"18":{"start":{"line":37,"column":22},"end":{"line":37,"column":61}},"19":{"start":{"line":38,"column":35},"end":{"line":38,"column":65}},"20":{"start":{"line":39,"column":28},"end":{"line":39,"column":60}},"21":{"start":{"line":40,"column":8},"end":{"line":40,"column":30}},"22":{"start":{"line":42,"column":8},"end":{"line":42,"column":54}},"23":{"start":{"line":46,"column":4},"end":{"line":46,"column":17}},"24":{"start":{"line":50,"column":4},"end":{"line":50,"column":23}},"25":{"start":{"line":51,"column":4},"end":{"line":51,"column":70}},"26":{"start":{"line":55,"column":26},"end":{"line":59,"column":6}},"27":{"start":{"line":62,"column":25},"end":{"line":62,"column":44}},"28":{"start":{"line":63,"column":4},"end":{"line":63,"column":34}},"29":{"start":{"line":66,"column":4},"end":{"line":83,"column":5}},"30":{"start":{"line":67,"column":23},"end":{"line":73,"column":8}},"31":{"start":{"line":75,"column":6},"end":{"line":80,"column":7}},"32":{"start":{"line":76,"column":8},"end":{"line":76,"column":76}},"33":{"start":{"line":77,"column":8},"end":{"line":77,"column":57}},"34":{"start":{"line":79,"column":8},"end":{"line":79,"column":58}},"35":{"start":{"line":82,"column":6},"end":{"line":82,"column":60}},"36":{"start":{"line":88,"column":25},"end":{"line":88,"column":67}},"37":{"start":{"line":88,"column":48},"end":{"line":88,"column":66}},"38":{"start":{"line":89,"column":4},"end":{"line":89,"column":34}},"39":{"start":{"line":92,"column":4},"end":{"line":105,"column":5}},"40":{"start":{"line":93,"column":23},"end":{"line":95,"column":8}},"41":{"start":{"line":97,"column":6},"end":{"line":102,"column":7}},"42":{"start":{"line":98,"column":8},"end":{"line":98,"column":81}},"43":{"start":{"line":99,"column":8},"end":{"line":99,"column":62}},"44":{"start":{"line":101,"column":8},"end":{"line":101,"column":62}},"45":{"start":{"line":104,"column":6},"end":{"line":104,"column":64}},"46":{"start":{"line":109,"column":25},"end":{"line":117,"column":6}},"47":{"start":{"line":110,"column":6},"end":{"line":115,"column":7}},"48":{"start":{"line":111,"column":8},"end":{"line":114,"column":10}},"49":{"start":{"line":116,"column":6},"end":{"line":116,"column":18}},"50":{"start":{"line":118,"column":4},"end":{"line":118,"column":34}},"51":{"start":{"line":121,"column":25},"end":{"line":121,"column":72}},"52":{"start":{"line":121,"column":53},"end":{"line":121,"column":71}},"53":{"start":{"line":122,"column":4},"end":{"line":141,"column":5}},"54":{"start":{"line":123,"column":6},"end":{"line":140,"column":7}},"55":{"start":{"line":124,"column":25},"end":{"line":130,"column":10}},"56":{"start":{"line":132,"column":8},"end":{"line":137,"column":9}},"57":{"start":{"line":133,"column":10},"end":{"line":133,"column":81}},"58":{"start":{"line":134,"column":10},"end":{"line":134,"column":62}},"59":{"start":{"line":136,"column":10},"end":{"line":136,"column":62}},"60":{"start":{"line":139,"column":8},"end":{"line":139,"column":64}},"61":{"start":{"line":145,"column":25},"end":{"line":153,"column":6}},"62":{"start":{"line":146,"column":6},"end":{"line":151,"column":7}},"63":{"start":{"line":147,"column":8},"end":{"line":150,"column":10}},"64":{"start":{"line":152,"column":6},"end":{"line":152,"column":18}},"65":{"start":{"line":154,"column":4},"end":{"line":154,"column":34}},"66":{"start":{"line":157,"column":25},"end":{"line":157,"column":72}},"67":{"start":{"line":157,"column":53},"end":{"line":157,"column":71}},"68":{"start":{"line":158,"column":4},"end":{"line":177,"column":5}},"69":{"start":{"line":159,"column":6},"end":{"line":176,"column":7}},"70":{"start":{"line":160,"column":25},"end":{"line":166,"column":10}},"71":{"start":{"line":168,"column":8},"end":{"line":173,"column":9}},"72":{"start":{"line":169,"column":10},"end":{"line":169,"column":81}},"73":{"start":{"line":170,"column":10},"end":{"line":170,"column":62}},"74":{"start":{"line":172,"column":10},"end":{"line":172,"column":62}},"75":{"start":{"line":175,"column":8},"end":{"line":175,"column":64}},"76":{"start":{"line":180,"column":2},"end":{"line":191,"column":4}},"77":{"start":{"line":194,"column":0},"end":{"line":194,"column":19}}},"fnMap":{"0":{"name":"App","decl":{"start":{"line":14,"column":9},"end":{"line":14,"column":12}},"loc":{"start":{"line":14,"column":12},"end":{"line":192,"column":1}}},"1":{"name":"loadSavedTasks","decl":{"start":{"line":17,"column":11},"end":{"line":17,"column":25}},"loc":{"start":{"line":17,"column":25},"end":{"line":22,"column":3}}},"2":{"name":"(anonymous_3)","decl":{"start":{"line":24,"column":12},"end":{"line":24,"column":15}},"loc":{"start":{"line":24,"column":17},"end":{"line":26,"column":3}}},"3":{"name":"(anonymous_4)","decl":{"start":{"line":28,"column":12},"end":{"line":28,"column":15}},"loc":{"start":{"line":28,"column":17},"end":{"line":47,"column":3}}},"4":{"name":"fetchTasks","decl":{"start":{"line":29,"column":19},"end":{"line":29,"column":29}},"loc":{"start":{"line":29,"column":29},"end":{"line":44,"column":5}}},"5":{"name":"setTasksAndSave","decl":{"start":{"line":49,"column":11},"end":{"line":49,"column":26}},"loc":{"start":{"line":49,"column":43},"end":{"line":52,"column":3}}},"6":{"name":"addTask","decl":{"start":{"line":54,"column":17},"end":{"line":54,"column":24}},"loc":{"start":{"line":54,"column":42},"end":{"line":84,"column":3}}},"7":{"name":"deleteTaskById","decl":{"start":{"line":86,"column":17},"end":{"line":86,"column":31}},"loc":{"start":{"line":86,"column":46},"end":{"line":106,"column":3}}},"8":{"name":"(anonymous_9)","decl":{"start":{"line":88,"column":38},"end":{"line":88,"column":39}},"loc":{"start":{"line":88,"column":48},"end":{"line":88,"column":66}}},"9":{"name":"toggleTaskCompletedById","decl":{"start":{"line":108,"column":17},"end":{"line":108,"column":40}},"loc":{"start":{"line":108,"column":55},"end":{"line":142,"column":3}}},"10":{"name":"(anonymous_11)","decl":{"start":{"line":109,"column":35},"end":{"line":109,"column":36}},"loc":{"start":{"line":109,"column":44},"end":{"line":117,"column":5}}},"11":{"name":"(anonymous_12)","decl":{"start":{"line":121,"column":43},"end":{"line":121,"column":44}},"loc":{"start":{"line":121,"column":53},"end":{"line":121,"column":71}}},"12":{"name":"updateTaskById","decl":{"start":{"line":144,"column":17},"end":{"line":144,"column":31}},"loc":{"start":{"line":144,"column":64},"end":{"line":178,"column":3}}},"13":{"name":"(anonymous_14)","decl":{"start":{"line":145,"column":35},"end":{"line":145,"column":36}},"loc":{"start":{"line":145,"column":44},"end":{"line":153,"column":5}}},"14":{"name":"(anonymous_15)","decl":{"start":{"line":157,"column":43},"end":{"line":157,"column":44}},"loc":{"start":{"line":157,"column":53},"end":{"line":157,"column":71}}}},"branchMap":{"0":{"loc":{"start":{"line":19,"column":4},"end":{"line":21,"column":5}},"type":"if","locations":[{"start":{"line":19,"column":4},"end":{"line":21,"column":5}}]},"1":{"loc":{"start":{"line":32,"column":8},"end":{"line":35,"column":9}},"type":"if","locations":[{"start":{"line":32,"column":8},"end":{"line":35,"column":9}}]},"2":{"loc":{"start":{"line":38,"column":35},"end":{"line":38,"column":65}},"type":"cond-expr","locations":[{"start":{"line":38,"column":43},"end":{"line":38,"column":60}},{"start":{"line":38,"column":63},"end":{"line":38,"column":65}}]},"3":{"loc":{"start":{"line":75,"column":6},"end":{"line":80,"column":7}},"type":"if","locations":[{"start":{"line":75,"column":6},"end":{"line":80,"column":7}},{"start":{"line":78,"column":13},"end":{"line":80,"column":7}}]},"4":{"loc":{"start":{"line":97,"column":6},"end":{"line":102,"column":7}},"type":"if","locations":[{"start":{"line":97,"column":6},"end":{"line":102,"column":7}},{"start":{"line":100,"column":13},"end":{"line":102,"column":7}}]},"5":{"loc":{"start":{"line":110,"column":6},"end":{"line":115,"column":7}},"type":"if","locations":[{"start":{"line":110,"column":6},"end":{"line":115,"column":7}}]},"6":{"loc":{"start":{"line":122,"column":4},"end":{"line":141,"column":5}},"type":"if","locations":[{"start":{"line":122,"column":4},"end":{"line":141,"column":5}}]},"7":{"loc":{"start":{"line":132,"column":8},"end":{"line":137,"column":9}},"type":"if","locations":[{"start":{"line":132,"column":8},"end":{"line":137,"column":9}},{"start":{"line":135,"column":15},"end":{"line":137,"column":9}}]},"8":{"loc":{"start":{"line":146,"column":6},"end":{"line":151,"column":7}},"type":"if","locations":[{"start":{"line":146,"column":6},"end":{"line":151,"column":7}}]},"9":{"loc":{"start":{"line":158,"column":4},"end":{"line":177,"column":5}},"type":"if","locations":[{"start":{"line":158,"column":4},"end":{"line":177,"column":5}}]},"10":{"loc":{"start":{"line":168,"column":8},"end":{"line":173,"column":9}},"type":"if","locations":[{"start":{"line":168,"column":8},"end":{"line":173,"column":9}},{"start":{"line":171,"column":15},"end":{"line":173,"column":9}}]}},"s":{"0":0,"1":0,"2":0,"3":0,"4":0,"5":0,"6":0,"7":0,"8":0,"9":0,"10":0,"11":0,"12":0,"13":0,"14":0,"15":0,"16":0,"17":0,"18":0,"19":0,"20":0,"21":0,"22":0,"23":0,"24":0,"25":0,"26":0,"27":0,"28":0,"29":0,"30":0,"31":0,"32":0,"33":0,"34":0,"35":0,"36":0,"37":0,"38":0,"39":0,"40":0,"41":0,"42":0,"43":0,"44":0,"45":0,"46":0,"47":0,"48":0,"49":0,"50":0,"51":0,"52":0,"53":0,"54":0,"55":0,"56":0,"57":0,"58":0,"59":0,"60":0,"61":0,"62":0,"63":0,"64":0,"65":0,"66":0,"67":0,"68":0,"69":0,"70":0,"71":0,"72":0,"73":0,"74":0,"75":0,"76":0,"77":0},"f":{"0":0,"1":0,"2":0,"3":0,"4":0,"5":0,"6":0,"7":0,"8":0,"9":0,"10":0,"11":0,"12":0,"13":0,"14":0},"b":{"0":[0],"1":[0],"2":[0,0],"3":[0,0],"4":[0,0],"5":[0],"6":[0],"7":[0,0],"8":[0],"9":[0],"10":[0,0]}}
,"/Users/brandonnewton/Desktop/Coding_Projects/React_Projects/to_do_list/src/main.tsx": {"path":"/Users/brandonnewton/Desktop/Coding_Projects/React_Projects/to_do_list/src/main.tsx","statementMap":{"0":{"start":{"line":1,"column":0},"end":{"line":1,"column":26}},"1":{"start":{"line":2,"column":0},"end":{"line":2,"column":40}},"2":{"start":{"line":3,"column":0},"end":{"line":3,"column":24}},"3":{"start":{"line":4,"column":0},"end":{"line":4,"column":29}},"4":{"start":{"line":6,"column":0},"end":{"line":10,"column":2}}},"fnMap":{},"branchMap":{},"s":{"0":0,"1":0,"2":0,"3":0,"4":0},"f":{},"b":{}}
,"/Users/brandonnewton/Desktop/Coding_Projects/React_Projects/to_do_list/src/components/Header/index.tsx": {"path":"/Users/brandonnewton/Desktop/Coding_Projects/React_Projects/to_do_list/src/components/Header/index.tsx","statementMap":{"0":{"start":{"line":10,"column":0},"end":{"line":10,"column":16}},"1":{"start":{"line":1,"column":0},"end":{"line":1,"column":49}},"2":{"start":{"line":2,"column":0},"end":{"line":2,"column":53}},"3":{"start":{"line":3,"column":0},"end":{"line":3,"column":41}},"4":{"start":{"line":4,"column":0},"end":{"line":4,"column":57}},"5":{"start":{"line":11,"column":30},"end":{"line":11,"column":50}},"6":{"start":{"line":14,"column":8},"end":{"line":14,"column":31}},"7":{"start":{"line":15,"column":8},"end":{"line":15,"column":25}},"8":{"start":{"line":16,"column":8},"end":{"line":16,"column":21}},"9":{"start":{"line":20,"column":8},"end":{"line":20,"column":37}},"10":{"start":{"line":23,"column":4},"end":{"line":40,"column":6}}},"fnMap":{"0":{"name":"Header","decl":{"start":{"line":10,"column":16},"end":{"line":10,"column":22}},"loc":{"start":{"line":10,"column":49},"end":{"line":41,"column":1}}},"1":{"name":"handleSubmit","decl":{"start":{"line":13,"column":13},"end":{"line":13,"column":25}},"loc":{"start":{"line":13,"column":42},"end":{"line":17,"column":5}}},"2":{"name":"onChangeTitle","decl":{"start":{"line":19,"column":13},"end":{"line":19,"column":26}},"loc":{"start":{"line":19,"column":63},"end":{"line":21,"column":5}}}},"branchMap":{},"s":{"0":0,"1":0,"2":0,"3":0,"4":0,"5":0,"6":0,"7":0,"8":0,"9":0,"10":0},"f":{"0":0,"1":0,"2":0},"b":{}}
,"/Users/brandonnewton/Desktop/Coding_Projects/React_Projects/to_do_list/src/components/Task/index.tsx": {"path":"/Users/brandonnewton/Desktop/Coding_Projects/React_Projects/to_do_list/src/components/Task/index.tsx","statementMap":{"0":{"start":{"line":14,"column":0},"end":{"line":14,"column":16}},"1":{"start":{"line":1,"column":0},"end":{"line":1,"column":39}},"2":{"start":{"line":2,"column":0},"end":{"line":2,"column":49}},"3":{"start":{"line":4,"column":0},"end":{"line":4,"column":55}},"4":{"start":{"line":5,"column":0},"end":{"line":5,"column":57}},"5":{"start":{"line":15,"column":36},"end":{"line":15,"column":51}},"6":{"start":{"line":16,"column":34},"end":{"line":16,"column":54}},"7":{"start":{"line":19,"column":4},"end":{"line":19,"column":27}},"8":{"start":{"line":20,"column":4},"end":{"line":20,"column":32}},"9":{"start":{"line":21,"column":4},"end":{"line":21,"column":24}},"10":{"start":{"line":25,"column":4},"end":{"line":25,"column":36}},"11":{"start":{"line":28,"column":2},"end":{"line":64,"column":4}},"12":{"start":{"line":33,"column":23},"end":{"line":33,"column":42}},"13":{"start":{"line":54,"column":23},"end":{"line":54,"column":41}},"14":{"start":{"line":60,"column":23},"end":{"line":60,"column":40}}},"fnMap":{"0":{"name":"Task","decl":{"start":{"line":14,"column":16},"end":{"line":14,"column":20}},"loc":{"start":{"line":14,"column":72},"end":{"line":65,"column":1}}},"1":{"name":"handleUpdate","decl":{"start":{"line":18,"column":11},"end":{"line":18,"column":23}},"loc":{"start":{"line":18,"column":40},"end":{"line":22,"column":3}}},"2":{"name":"handleChange","decl":{"start":{"line":24,"column":11},"end":{"line":24,"column":23}},"loc":{"start":{"line":24,"column":60},"end":{"line":26,"column":3}}},"3":{"name":"(anonymous_4)","decl":{"start":{"line":33,"column":17},"end":{"line":33,"column":20}},"loc":{"start":{"line":33,"column":23},"end":{"line":33,"column":42}}},"4":{"name":"(anonymous_5)","decl":{"start":{"line":54,"column":17},"end":{"line":54,"column":20}},"loc":{"start":{"line":54,"column":23},"end":{"line":54,"column":41}}},"5":{"name":"(anonymous_6)","decl":{"start":{"line":60,"column":17},"end":{"line":60,"column":20}},"loc":{"start":{"line":60,"column":23},"end":{"line":60,"column":40}}}},"branchMap":{"0":{"loc":{"start":{"line":34,"column":9},"end":{"line":34,"column":63}},"type":"cond-expr","locations":[{"start":{"line":34,"column":28},"end":{"line":34,"column":53}},{"start":{"line":34,"column":56},"end":{"line":34,"column":63}}]},"1":{"loc":{"start":{"line":37,"column":7},"end":{"line":48,"column":null}},"type":"cond-expr","locations":[{"start":{"line":38,"column":8},"end":{"line":45,"column":null}},{"start":{"line":48,"column":8},"end":{"line":48,"column":84}}]},"2":{"loc":{"start":{"line":48,"column":22},"end":{"line":48,"column":66}},"type":"cond-expr","locations":[{"start":{"line":48,"column":41},"end":{"line":48,"column":61}},{"start":{"line":48,"column":64},"end":{"line":48,"column":66}}]}},"s":{"0":2,"1":2,"2":2,"3":2,"4":2,"5":14,"6":14,"7":1,"8":1,"9":1,"10":1,"11":14,"12":1,"13":2,"14":1},"f":{"0":14,"1":1,"2":1,"3":1,"4":2,"5":1},"b":{"0":[3,11],"1":[3,11],"2":[3,8]}}
,"/Users/brandonnewton/Desktop/Coding_Projects/React_Projects/to_do_list/src/components/Tasks/index.tsx": {"path":"/Users/brandonnewton/Desktop/Coding_Projects/React_Projects/to_do_list/src/components/Tasks/index.tsx","statementMap":{"0":{"start":{"line":12,"column":0},"end":{"line":12,"column":16}},"1":{"start":{"line":2,"column":0},"end":{"line":2,"column":40}},"2":{"start":{"line":3,"column":0},"end":{"line":3,"column":31}},"3":{"start":{"line":13,"column":24},"end":{"line":13,"column":36}},"4":{"start":{"line":14,"column":25},"end":{"line":14,"column":70}},"5":{"start":{"line":14,"column":46},"end":{"line":14,"column":62}},"6":{"start":{"line":16,"column":2},"end":{"line":41,"column":4}},"7":{"start":{"line":31,"column":10},"end":{"line":32,"column":null}}},"fnMap":{"0":{"name":"Tasks","decl":{"start":{"line":12,"column":16},"end":{"line":12,"column":21}},"loc":{"start":{"line":12,"column":75},"end":{"line":42,"column":1}}},"1":{"name":"(anonymous_2)","decl":{"start":{"line":14,"column":38},"end":{"line":14,"column":42}},"loc":{"start":{"line":14,"column":46},"end":{"line":14,"column":62}}},"2":{"name":"(anonymous_3)","decl":{"start":{"line":30,"column":19},"end":{"line":30,"column":23}},"loc":{"start":{"line":31,"column":10},"end":{"line":32,"column":null}}}},"branchMap":{},"s":{"0":1,"1":1,"2":1,"3":3,"4":3,"5":6,"6":3,"7":6},"f":{"0":3,"1":6,"2":6},"b":{}}
,"/Users/brandonnewton/Desktop/Coding_Projects/React_Projects/to_do_list/src/styles/lifestream.tsx": {"path":"/Users/brandonnewton/Desktop/Coding_Projects/React_Projects/to_do_list/src/styles/lifestream.tsx","statementMap":{"0":{"start":{"line":1,"column":0},"end":{"line":1,"column":49}},"1":{"start":{"line":3,"column":29},"end":{"line":112,"column":1}},"2":{"start":{"line":4,"column":20},"end":{"line":4,"column":58}},"3":{"start":{"line":5,"column":23},"end":{"line":5,"column":50}},"4":{"start":{"line":7,"column":2},"end":{"line":109,"column":9}},"5":{"start":{"line":8,"column":19},"end":{"line":8,"column":37}},"6":{"start":{"line":9,"column":16},"end":{"line":9,"column":40}},"7":{"start":{"line":11,"column":4},"end":{"line":11,"column":32}},"8":{"start":{"line":11,"column":25},"end":{"line":11,"column":32}},"9":{"start":{"line":13,"column":4},"end":{"line":13,"column":37}},"10":{"start":{"line":14,"column":4},"end":{"line":14,"column":39}},"11":{"start":{"line":16,"column":39},"end":{"line":16,"column":41}},"12":{"start":{"line":17,"column":30},"end":{"line":17,"column":34}},"13":{"start":{"line":20,"column":6},"end":{"line":20,"column":null}},"14":{"start":{"line":21,"column":6},"end":{"line":21,"column":null}},"15":{"start":{"line":22,"column":6},"end":{"line":22,"column":null}},"16":{"start":{"line":23,"column":6},"end":{"line":23,"column":null}},"17":{"start":{"line":24,"column":6},"end":{"line":24,"column":null}},"18":{"start":{"line":25,"column":6},"end":{"line":25,"column":null}},"19":{"start":{"line":26,"column":6},"end":{"line":26,"column":null}},"20":{"start":{"line":27,"column":6},"end":{"line":27,"column":null}},"21":{"start":{"line":28,"column":6},"end":{"line":28,"column":null}},"22":{"start":{"line":31,"column":8},"end":{"line":31,"column":19}},"23":{"start":{"line":32,"column":8},"end":{"line":32,"column":19}},"24":{"start":{"line":33,"column":8},"end":{"line":33,"column":37}},"25":{"start":{"line":34,"column":8},"end":{"line":34,"column":37}},"26":{"start":{"line":35,"column":8},"end":{"line":35,"column":29}},"27":{"start":{"line":36,"column":8},"end":{"line":36,"column":25}},"28":{"start":{"line":37,"column":8},"end":{"line":37,"column":27}},"29":{"start":{"line":38,"column":8},"end":{"line":38,"column":53}},"30":{"start":{"line":39,"column":8},"end":{"line":39,"column":49}},"31":{"start":{"line":43,"column":25},"end":{"line":43,"column":95}},"32":{"start":{"line":44,"column":8},"end":{"line":44,"column":45}},"33":{"start":{"line":45,"column":8},"end":{"line":45,"column":61}},"34":{"start":{"line":46,"column":8},"end":{"line":46,"column":57}},"35":{"start":{"line":48,"column":8},"end":{"line":48,"column":33}},"36":{"start":{"line":49,"column":8},"end":{"line":49,"column":24}},"37":{"start":{"line":50,"column":8},"end":{"line":50,"column":66}},"38":{"start":{"line":51,"column":8},"end":{"line":51,"column":19}},"39":{"start":{"line":55,"column":8},"end":{"line":57,"column":9}},"40":{"start":{"line":56,"column":10},"end":{"line":56,"column":45}},"41":{"start":{"line":58,"column":8},"end":{"line":60,"column":9}},"42":{"start":{"line":59,"column":10},"end":{"line":59,"column":45}},"43":{"start":{"line":61,"column":8},"end":{"line":61,"column":34}},"44":{"start":{"line":62,"column":8},"end":{"line":62,"column":34}},"45":{"start":{"line":65,"column":8},"end":{"line":65,"column":37}},"46":{"start":{"line":66,"column":8},"end":{"line":66,"column":79}},"47":{"start":{"line":68,"column":8},"end":{"line":68,"column":23}},"48":{"start":{"line":73,"column":6},"end":{"line":73,"column":32}},"49":{"start":{"line":74,"column":6},"end":{"line":83,"column":7}},"50":{"start":{"line":74,"column":19},"end":{"line":74,"column":20}},"51":{"start":{"line":75,"column":21},"end":{"line":75,"column":42}},"52":{"start":{"line":76,"column":18},"end":{"line":76,"column":66}},"53":{"start":{"line":77,"column":18},"end":{"line":77,"column":67}},"54":{"start":{"line":78,"column":27},"end":{"line":78,"column":54}},"55":{"start":{"line":79,"column":27},"end":{"line":79,"column":54}},"56":{"start":{"line":80,"column":22},"end":{"line":80,"column":44}},"57":{"start":{"line":82,"column":8},"end":{"line":82,"column":85}},"58":{"start":{"line":87,"column":21},"end":{"line":87,"column":39}},"59":{"start":{"line":88,"column":18},"end":{"line":88,"column":42}},"60":{"start":{"line":90,"column":6},"end":{"line":90,"column":30}},"61":{"start":{"line":91,"column":6},"end":{"line":91,"column":54}},"62":{"start":{"line":93,"column":6},"end":{"line":95,"column":9}},"63":{"start":{"line":94,"column":8},"end":{"line":94,"column":37}},"64":{"start":{"line":97,"column":6},"end":{"line":97,"column":60}},"65":{"start":{"line":100,"column":4},"end":{"line":100,"column":11}},"66":{"start":{"line":101,"column":4},"end":{"line":101,"column":14}},"67":{"start":{"line":104,"column":4},"end":{"line":108,"column":6}},"68":{"start":{"line":105,"column":6},"end":{"line":107,"column":7}},"69":{"start":{"line":106,"column":8},"end":{"line":106,"column":51}},"70":{"start":{"line":111,"column":2},"end":{"line":111,"column":116}},"71":{"start":{"line":114,"column":0},"end":{"line":114,"column":26}}},"fnMap":{"0":{"name":"(anonymous_0)","decl":{"start":{"line":3,"column":29},"end":{"line":3,"column":32}},"loc":{"start":{"line":3,"column":34},"end":{"line":112,"column":1}}},"1":{"name":"(anonymous_1)","decl":{"start":{"line":7,"column":12},"end":{"line":7,"column":15}},"loc":{"start":{"line":7,"column":17},"end":{"line":109,"column":3}}},"2":{"name":"(anonymous_2)","decl":{"start":{"line":30,"column":6},"end":{"line":30,"column":18}},"loc":{"start":{"line":30,"column":107},"end":{"line":40,"column":7}}},"3":{"name":"(anonymous_3)","decl":{"start":{"line":42,"column":6},"end":{"line":42,"column":10}},"loc":{"start":{"line":42,"column":40},"end":{"line":52,"column":7}}},"4":{"name":"(anonymous_4)","decl":{"start":{"line":54,"column":6},"end":{"line":54,"column":12}},"loc":{"start":{"line":54,"column":69},"end":{"line":69,"column":7}}},"5":{"name":"init","decl":{"start":{"line":72,"column":13},"end":{"line":72,"column":17}},"loc":{"start":{"line":72,"column":17},"end":{"line":84,"column":5}}},"6":{"name":"animate","decl":{"start":{"line":86,"column":13},"end":{"line":86,"column":20}},"loc":{"start":{"line":86,"column":20},"end":{"line":98,"column":5}}},"7":{"name":"(anonymous_7)","decl":{"start":{"line":93,"column":29},"end":{"line":93,"column":37}},"loc":{"start":{"line":93,"column":40},"end":{"line":95,"column":7}}},"8":{"name":"(anonymous_8)","decl":{"start":{"line":104,"column":11},"end":{"line":104,"column":14}},"loc":{"start":{"line":104,"column":16},"end":{"line":108,"column":5}}}},"branchMap":{"0":{"loc":{"start":{"line":11,"column":4},"end":{"line":11,"column":32}},"type":"if","locations":[{"start":{"line":11,"column":4},"end":{"line":11,"column":32}}]},"1":{"loc":{"start":{"line":11,"column":8},"end":{"line":11,"column":23}},"type":"binary-expr","locations":[{"start":{"line":11,"column":8},"end":{"line":11,"column":15}},{"start":{"line":11,"column":19},"end":{"line":11,"column":23}}]},"2":{"loc":{"start":{"line":55,"column":8},"end":{"line":57,"column":9}},"type":"if","locations":[{"start":{"line":55,"column":8},"end":{"line":57,"column":9}}]},"3":{"loc":{"start":{"line":55,"column":12},"end":{"line":55,"column":71}},"type":"binary-expr","locations":[{"start":{"line":55,"column":12},"end":{"line":55,"column":45}},{"start":{"line":55,"column":49},"end":{"line":55,"column":71}}]},"4":{"loc":{"start":{"line":58,"column":8},"end":{"line":60,"column":9}},"type":"if","locations":[{"start":{"line":58,"column":8},"end":{"line":60,"column":9}}]},"5":{"loc":{"start":{"line":58,"column":12},"end":{"line":58,"column":72}},"type":"binary-expr","locations":[{"start":{"line":58,"column":12},"end":{"line":58,"column":46}},{"start":{"line":58,"column":50},"end":{"line":58,"column":72}}]},"6":{"loc":{"start":{"line":105,"column":6},"end":{"line":107,"column":7}},"type":"if","locations":[{"start":{"line":105,"column":6},"end":{"line":107,"column":7}}]}},"s":{"0":1,"1":1,"2":1,"3":1,"4":1,"5":1,"6":1,"7":1,"8":1,"9":0,"10":0,"11":0,"12":0,"13":0,"14":0,"15":0,"16":0,"17":0,"18":0,"19":0,"20":0,"21":0,"22":0,"23":0,"24":0,"25":0,"26":0,"27":0,"28":0,"29":0,"30":0,"31":0,"32":0,"33":0,"34":0,"35":0,"36":0,"37":0,"38":0,"39":0,"40":0,"41":0,"42":0,"43":0,"44":0,"45":0,"46":0,"47":0,"48":0,"49":0,"50":0,"51":0,"52":0,"53":0,"54":0,"55":0,"56":0,"57":0,"58":0,"59":0,"60":0,"61":0,"62":0,"63":0,"64":0,"65":0,"66":0,"67":0,"68":0,"69":0,"70":1,"71":1},"f":{"0":1,"1":1,"2":0,"3":0,"4":0,"5":0,"6":0,"7":0,"8":0},"b":{"0":[1],"1":[1,1],"2":[0],"3":[0,0],"4":[0],"5":[0,0],"6":[0]}}
}
