TN:
SF:src/App.tsx
FN:13,App
FN:16,loadSavedTasks
FN:23,(anonymous_2)
FN:27,setTasksAndSave
FN:32,addTask
FN:43,deleteTaskById
FN:44,(anonymous_6)
FN:48,toggleTaskCompletedById
FN:49,(anonymous_8)
FNF:9
FNH:0
FNDA:0,App
FNDA:0,loadSavedTasks
FNDA:0,(anonymous_2)
FNDA:0,setTasksAndSave
FNDA:0,addTask
FNDA:0,deleteTaskById
FNDA:0,(anonymous_6)
FNDA:0,toggleTaskCompletedById
FNDA:0,(anonymous_8)
DA:1,0
DA:2,0
DA:3,0
DA:11,0
DA:14,0
DA:17,0
DA:18,0
DA:19,0
DA:23,0
DA:24,0
DA:28,0
DA:29,0
DA:33,0
DA:44,0
DA:45,0
DA:49,0
DA:50,0
DA:51,0
DA:56,0
DA:58,0
DA:61,0
DA:73,0
LF:22
LH:0
BRDA:18,0,0,0
BRDA:50,1,0,0
BRF:2
BRH:0
end_of_record
TN:
SF:src/main.tsx
FNF:0
FNH:0
DA:1,0
DA:2,0
DA:3,0
DA:4,0
DA:6,0
LF:5
LH:0
BRF:0
BRH:0
end_of_record
TN:
SF:src/components/Header/index.tsx
FN:10,Header
FN:13,handleSubmit
FN:19,onChangeTitle
FNF:3
FNH:0
FNDA:0,Header
FNDA:0,handleSubmit
FNDA:0,onChangeTitle
DA:1,0
DA:2,0
DA:3,0
DA:4,0
DA:10,0
DA:11,0
DA:14,0
DA:15,0
DA:16,0
DA:20,0
DA:23,0
LF:11
LH:0
BRF:0
BRH:0
end_of_record
TN:
SF:src/components/Task/index.tsx
FN:12,Task
FN:15,(anonymous_2)
FN:20,(anonymous_3)
FNF:3
FNH:1
FNDA:9,Task
FNDA:0,(anonymous_2)
FNDA:0,(anonymous_3)
DA:1,2
DA:2,2
DA:4,2
DA:12,2
DA:13,9
DA:15,0
DA:20,0
LF:7
LH:5
BRDA:16,0,0,3
BRDA:16,0,1,6
BRDA:19,1,0,3
BRDA:19,1,1,6
BRF:4
BRH:4
end_of_record
TN:
SF:src/components/Tasks/index.tsx
FN:11,Tasks
FN:13,(anonymous_2)
FN:29,(anonymous_3)
FNF:3
FNH:3
FNDA:3,Tasks
FNDA:6,(anonymous_2)
FNDA:6,(anonymous_3)
DA:2,1
DA:3,1
DA:11,1
DA:12,3
DA:13,6
DA:15,3
DA:30,6
LF:7
LH:7
BRF:0
BRH:0
end_of_record
