TN:
SF:src/App.tsx
FN:14,App
FN:17,loadSavedTasks
FN:24,(anonymous_3)
FN:28,(anonymous_4)
FN:29,fetchTasks
FN:49,setTasksAndSave
FN:54,addTask
FN:86,deleteTaskById
FN:88,(anonymous_9)
FN:108,toggleTaskCompletedById
FN:109,(anonymous_11)
FN:121,(anonymous_12)
FN:144,updateTaskById
FN:145,(anonymous_14)
FN:157,(anonymous_15)
FNF:15
FNH:0
FNDA:0,App
FNDA:0,loadSavedTasks
FNDA:0,(anonymous_3)
FNDA:0,(anonymous_4)
FNDA:0,fetchTasks
FNDA:0,setTasksAndSave
FNDA:0,addTask
FNDA:0,deleteTaskById
FNDA:0,(anonymous_9)
FNDA:0,toggleTaskCompletedById
FNDA:0,(anonymous_11)
FNDA:0,(anonymous_12)
FNDA:0,updateTaskById
FNDA:0,(anonymous_14)
FNDA:0,(anonymous_15)
DA:1,0
DA:2,0
DA:3,0
DA:4,0
DA:12,0
DA:15,0
DA:18,0
DA:19,0
DA:20,0
DA:24,0
DA:25,0
DA:28,0
DA:30,0
DA:31,0
DA:32,0
DA:33,0
DA:34,0
DA:36,0
DA:37,0
DA:38,0
DA:39,0
DA:40,0
DA:42,0
DA:46,0
DA:50,0
DA:51,0
DA:55,0
DA:62,0
DA:63,0
DA:66,0
DA:67,0
DA:75,0
DA:76,0
DA:77,0
DA:79,0
DA:82,0
DA:88,0
DA:89,0
DA:92,0
DA:93,0
DA:97,0
DA:98,0
DA:99,0
DA:101,0
DA:104,0
DA:109,0
DA:110,0
DA:111,0
DA:116,0
DA:118,0
DA:121,0
DA:122,0
DA:123,0
DA:124,0
DA:132,0
DA:133,0
DA:134,0
DA:136,0
DA:139,0
DA:145,0
DA:146,0
DA:147,0
DA:152,0
DA:154,0
DA:157,0
DA:158,0
DA:159,0
DA:160,0
DA:168,0
DA:169,0
DA:170,0
DA:172,0
DA:175,0
DA:180,0
DA:194,0
LF:75
LH:0
BRDA:19,0,0,0
BRDA:32,1,0,0
BRDA:38,2,0,0
BRDA:38,2,1,0
BRDA:75,3,0,0
BRDA:75,3,1,0
BRDA:97,4,0,0
BRDA:97,4,1,0
BRDA:110,5,0,0
BRDA:122,6,0,0
BRDA:132,7,0,0
BRDA:132,7,1,0
BRDA:146,8,0,0
BRDA:158,9,0,0
BRDA:168,10,0,0
BRDA:168,10,1,0
BRF:16
BRH:0
end_of_record
TN:
SF:src/main.tsx
FNF:0
FNH:0
DA:1,0
DA:2,0
DA:3,0
DA:4,0
DA:6,0
LF:5
LH:0
BRF:0
BRH:0
end_of_record
TN:
SF:src/components/Header/index.tsx
FN:10,Header
FN:13,handleSubmit
FN:19,onChangeTitle
FNF:3
FNH:0
FNDA:0,Header
FNDA:0,handleSubmit
FNDA:0,onChangeTitle
DA:1,0
DA:2,0
DA:3,0
DA:4,0
DA:10,0
DA:11,0
DA:14,0
DA:15,0
DA:16,0
DA:20,0
DA:23,0
LF:11
LH:0
BRF:0
BRH:0
end_of_record
TN:
SF:src/components/Task/index.tsx
FN:14,Task
FN:18,handleUpdate
FN:24,handleChange
FN:33,(anonymous_4)
FN:54,(anonymous_5)
FN:60,(anonymous_6)
FNF:6
FNH:6
FNDA:14,Task
FNDA:1,handleUpdate
FNDA:1,handleChange
FNDA:1,(anonymous_4)
FNDA:2,(anonymous_5)
FNDA:1,(anonymous_6)
DA:1,2
DA:2,2
DA:4,2
DA:5,2
DA:14,2
DA:15,14
DA:16,14
DA:19,1
DA:20,1
DA:21,1
DA:25,1
DA:28,14
DA:33,1
DA:54,2
DA:60,1
LF:15
LH:15
BRDA:34,0,0,3
BRDA:34,0,1,11
BRDA:37,1,0,3
BRDA:37,1,1,11
BRDA:48,2,0,3
BRDA:48,2,1,8
BRF:6
BRH:6
end_of_record
TN:
SF:src/components/Tasks/index.tsx
FN:12,Tasks
FN:14,(anonymous_2)
FN:30,(anonymous_3)
FNF:3
FNH:3
FNDA:3,Tasks
FNDA:6,(anonymous_2)
FNDA:6,(anonymous_3)
DA:2,1
DA:3,1
DA:12,1
DA:13,3
DA:14,6
DA:16,3
DA:31,6
LF:7
LH:7
BRF:0
BRH:0
end_of_record
TN:
SF:src/styles/lifestream.tsx
FN:3,(anonymous_0)
FN:7,(anonymous_1)
FN:30,(anonymous_2)
FN:42,(anonymous_3)
FN:54,(anonymous_4)
FN:72,init
FN:86,animate
FN:93,(anonymous_7)
FN:104,(anonymous_8)
FNF:9
FNH:2
FNDA:1,(anonymous_0)
FNDA:1,(anonymous_1)
FNDA:0,(anonymous_2)
FNDA:0,(anonymous_3)
FNDA:0,(anonymous_4)
FNDA:0,init
FNDA:0,animate
FNDA:0,(anonymous_7)
FNDA:0,(anonymous_8)
DA:1,1
DA:3,1
DA:4,1
DA:5,1
DA:7,1
DA:8,1
DA:9,1
DA:11,1
DA:13,0
DA:14,0
DA:16,0
DA:17,0
DA:20,0
DA:21,0
DA:22,0
DA:23,0
DA:24,0
DA:25,0
DA:26,0
DA:27,0
DA:28,0
DA:31,0
DA:32,0
DA:33,0
DA:34,0
DA:35,0
DA:36,0
DA:37,0
DA:38,0
DA:39,0
DA:43,0
DA:44,0
DA:45,0
DA:46,0
DA:48,0
DA:49,0
DA:50,0
DA:51,0
DA:55,0
DA:56,0
DA:58,0
DA:59,0
DA:61,0
DA:62,0
DA:65,0
DA:66,0
DA:68,0
DA:73,0
DA:74,0
DA:75,0
DA:76,0
DA:77,0
DA:78,0
DA:79,0
DA:80,0
DA:82,0
DA:87,0
DA:88,0
DA:90,0
DA:91,0
DA:93,0
DA:94,0
DA:97,0
DA:100,0
DA:101,0
DA:104,0
DA:105,0
DA:106,0
DA:111,1
DA:114,1
LF:70
LH:10
BRDA:11,0,0,1
BRDA:11,1,0,1
BRDA:11,1,1,1
BRDA:55,2,0,0
BRDA:55,3,0,0
BRDA:55,3,1,0
BRDA:58,4,0,0
BRDA:58,5,0,0
BRDA:58,5,1,0
BRDA:105,6,0,0
BRF:10
BRH:3
end_of_record
